
Attaching package: 'dplyr'

The following objects are masked from 'package:stats':

    filter, lag

The following objects are masked from 'package:base':

    intersect, setdiff, setequal, union

Warning message:
package 'dplyr' was built under R version 3.6.2 
Warning message:
package 'tidyr' was built under R version 3.6.2 
Warning message:
package 'gsheet' was built under R version 3.6.2 
Warning message:
package 'googlesheets4' was built under R version 3.6.2 
Warning message:
package 'naniar' was built under R version 3.6.2 
Loading required package: gsubfn
Loading required package: proto
xcrun: error: invalid active developer path (/Library/Developer/CommandLineTools), missing xcrun at: /Library/Developer/CommandLineTools/usr/bin/xcrun
Loading required package: RSQLite
Warning messages:
1: In system2("/usr/bin/otool", c("-L", shQuote(DSO)), stdout = TRUE) :
  running command ''/usr/bin/otool' -L '/Library/Frameworks/R.framework/Resources/library/tcltk/libs//tcltk.so'' had status 1
2: In fun(libname, pkgname) :
  no display name and no $DISPLAY environment variable
Loading required package: xml2
Warning message:
package 'xml2' was built under R version 3.6.2 
Warning message:
package 'tibble' was built under R version 3.6.2 
Warning message:
'html' is deprecated.
Use 'xml2::read_html' instead.
See help("Deprecated") 
trying URL 'https://data.humdata.org/dataset/c3429f0e-651b-4788-bb2f-4adbf222c90e/resource/31ca909c-10d9-458a-8720-88b54b3e3627/download/movement-range-data-2020-07-04.zip'
Content type 'application/zip' length 23435930 bytes (22.4 MB)
==================================================
downloaded 22.4 MB

