
Attaching package: 'dplyr'

The following objects are masked from 'package:stats':

    filter, lag

The following objects are masked from 'package:base':

    intersect, setdiff, setequal, union

Warning message:
package 'dplyr' was built under R version 3.6.2 
Warning message:
package 'tidyr' was built under R version 3.6.2 
Warning message:
package 'gsheet' was built under R version 3.6.2 
Warning message:
package 'googlesheets4' was built under R version 3.6.2 
Warning message:
package 'naniar' was built under R version 3.6.2 
Loading required package: gsubfn
Loading required package: proto
xcrun: error: invalid active developer path (/Library/Developer/CommandLineTools), missing xcrun at: /Library/Developer/CommandLineTools/usr/bin/xcrun
Loading required package: RSQLite
Warning messages:
1: In system2("/usr/bin/otool", c("-L", shQuote(DSO)), stdout = TRUE) :
  running command ''/usr/bin/otool' -L '/Library/Frameworks/R.framework/Resources/library/tcltk/libs//tcltk.so'' had status 1
2: In fun(libname, pkgname) :
  no display name and no $DISPLAY environment variable
Loading required package: xml2
Warning message:
package 'xml2' was built under R version 3.6.2 
Warning message:
package 'tibble' was built under R version 3.6.2 
Warning message:
'html' is deprecated.
Use 'xml2::read_html' instead.
See help("Deprecated") 
trying URL 'https://data.humdata.org/dataset/c3429f0e-651b-4788-bb2f-4adbf222c90e/resource/31ca909c-10d9-458a-8720-88b54b3e3627/download/movement-range-data-2020-07-12.zip'
Content type 'application/zip' length 24893038 bytes (23.7 MB)
==================================================
downloaded 23.7 MB

Warning message:
In for (a in as.list(elist)) if (!missing(a) && mayCallBrowser(a,  :
  closing unused connection 3 (/tmp/RtmpSsP8is/file69be48a98638/movement-range-2020-07-12.txt)
Warning message:
Duplicated column names deduplicated: '0.71' => '0.71_1' [11], '0.69' => '0.69_1' [15], '0.59' => '0.59_1' [20], '0.27' => '0.27_1' [26], '0.26' => '0.26_1' [27], '0.31' => '0.31_1' [28], '0.60' => '0.60_1' [32], '0.40' => '0.40_1' [35] 
Warning messages:
1: Missing column names filled in: 'X36' [36], 'X45' [45], 'X47' [47], 'X91' [91] 
2: Duplicated column names deduplicated: 'Papua' => 'Papua_1' [38], 'Aceh' => 'Aceh_1' [48], 'Bali' => 'Bali_1' [49], 'Banten' => 'Banten_1' [50], 'Babel' => 'Babel_1' [51], 'Bengkulu' => 'Bengkulu_1' [52], 'DIY' => 'DIY_1' [53], 'Jakarta' => 'Jakarta_1' [54], 'Jambi' => 'Jambi_1' [55], 'Jabar' => 'Jabar_1' [56], 'Jateng' => 'Jateng_1' [57], 'Jatim' => 'Jatim_1' [58], 'Kalbar' => 'Kalbar_1' [59], 'Kaltim' => 'Kaltim_1' [60], 'Kalteng' => 'Kalteng_1' [61], 'Kalsel' => 'Kalsel_1' [62], 'Kaltara' => 'Kaltara_1' [63], 'Kep Riau' => 'Kep Riau_1' [64], 'NTB' => 'NTB_1' [65], 'Sumsel' => 'Sumsel_1' [66], 'Sumbar' => 'Sumbar_1' [67], 'Sulut' => 'Sulut_1' [68], 'Sumut' => 'Sumut_1' [69], 'Sultra' => 'Sultra_1' [70], 'Sulsel' => 'Sulsel_1' [71], 'Sulteng' => 'Sulteng_1' [72], 'Lampung' => 'Lampung_1' [73], 'Riau' => 'Riau_1' [74], 'Malut' => 'Malut_1' [75], 'Maluku' => 'Maluku_1' [76], 'Papbar' => 'Papbar_1' [77], 'Papua' => 'Papua_2' [78], 'Sulbar' => 'Sulbar_1' [79], 'NTT' => 'NTT_1' [80], 'Goron [... truncated] 
Warning messages:
1: Missing column names filled in: 'X1' [1], 'X36' [36], 'X45' [45] 
2: Duplicated column names deduplicated: 'Papua' => 'Papua_1' [38] 
Warning message:
In x[list] <- values :
  closing unused connection 4 (/tmp/RtmpSsP8is/file69be48a98638/movement-range-2020-07-12.txt)
Using an auto-discovered, cached token.
To suppress this message, modify your code or options to clearly consent to the use of a cached token.
See gargle's "Non-interactive auth" vignette for more details:
https://gargle.r-lib.org/articles/non-interactive-auth.html
The googlesheets4 package is using a cached token for athar.iswandi@gmail.com.
Auto-refreshing stale OAuth token.
Writing to "COVID-MOBILITY DATA"
Writing to sheet "df_update_new"
Writing to "COVID-MOBILITY DATA"
Writing to sheet "raw cov"
Writing to "COVID-MOBILITY DATA"
Writing to sheet "raw mob"
Writing to "COVID-MOBILITY DATA"
Writing to sheet "Agregat Mobility"
Writing to "COVID-MOBILITY DATA"
Writing to sheet "Agregat COVID"

Attaching package: 'dplyr'

The following objects are masked from 'package:stats':

    filter, lag

The following objects are masked from 'package:base':

    intersect, setdiff, setequal, union

Warning message:
package 'dplyr' was built under R version 3.6.2 
Warning message:
package 'tidyr' was built under R version 3.6.2 
Warning message:
package 'gsheet' was built under R version 3.6.2 
Warning message:
package 'googlesheets4' was built under R version 3.6.2 
Warning message:
package 'naniar' was built under R version 3.6.2 
Loading required package: gsubfn
Loading required package: proto
xcrun: error: invalid active developer path (/Library/Developer/CommandLineTools), missing xcrun at: /Library/Developer/CommandLineTools/usr/bin/xcrun
Loading required package: RSQLite
Warning messages:
1: In system2("/usr/bin/otool", c("-L", shQuote(DSO)), stdout = TRUE) :
  running command ''/usr/bin/otool' -L '/Library/Frameworks/R.framework/Resources/library/tcltk/libs//tcltk.so'' had status 1
2: In fun(libname, pkgname) :
  no display name and no $DISPLAY environment variable
Loading required package: xml2
Warning message:
package 'xml2' was built under R version 3.6.2 
Warning message:
package 'tibble' was built under R version 3.6.2 
Warning message:
'html' is deprecated.
Use 'xml2::read_html' instead.
See help("Deprecated") 
trying URL 'https://data.humdata.org/dataset/c3429f0e-651b-4788-bb2f-4adbf222c90e/resource/31ca909c-10d9-458a-8720-88b54b3e3627/download/movement-range-data-2020-07-12.zip'
Content type 'application/zip' length 24893038 bytes (23.7 MB)
==================================================
downloaded 23.7 MB

Warning message:
In for (a in as.list(elist)) if (!missing(a) && mayCallBrowser(a,  :
  closing unused connection 3 (/tmp/RtmpniRumH/file6acb40d52ca7/movement-range-2020-07-12.txt)
Warning message:
Duplicated column names deduplicated: '0.71' => '0.71_1' [11], '0.69' => '0.69_1' [15], '0.59' => '0.59_1' [20], '0.27' => '0.27_1' [26], '0.26' => '0.26_1' [27], '0.31' => '0.31_1' [28], '0.60' => '0.60_1' [32], '0.40' => '0.40_1' [35] 
Warning messages:
1: Missing column names filled in: 'X36' [36], 'X45' [45], 'X47' [47], 'X91' [91] 
2: Duplicated column names deduplicated: 'Papua' => 'Papua_1' [38], 'Aceh' => 'Aceh_1' [48], 'Bali' => 'Bali_1' [49], 'Banten' => 'Banten_1' [50], 'Babel' => 'Babel_1' [51], 'Bengkulu' => 'Bengkulu_1' [52], 'DIY' => 'DIY_1' [53], 'Jakarta' => 'Jakarta_1' [54], 'Jambi' => 'Jambi_1' [55], 'Jabar' => 'Jabar_1' [56], 'Jateng' => 'Jateng_1' [57], 'Jatim' => 'Jatim_1' [58], 'Kalbar' => 'Kalbar_1' [59], 'Kaltim' => 'Kaltim_1' [60], 'Kalteng' => 'Kalteng_1' [61], 'Kalsel' => 'Kalsel_1' [62], 'Kaltara' => 'Kaltara_1' [63], 'Kep Riau' => 'Kep Riau_1' [64], 'NTB' => 'NTB_1' [65], 'Sumsel' => 'Sumsel_1' [66], 'Sumbar' => 'Sumbar_1' [67], 'Sulut' => 'Sulut_1' [68], 'Sumut' => 'Sumut_1' [69], 'Sultra' => 'Sultra_1' [70], 'Sulsel' => 'Sulsel_1' [71], 'Sulteng' => 'Sulteng_1' [72], 'Lampung' => 'Lampung_1' [73], 'Riau' => 'Riau_1' [74], 'Malut' => 'Malut_1' [75], 'Maluku' => 'Maluku_1' [76], 'Papbar' => 'Papbar_1' [77], 'Papua' => 'Papua_2' [78], 'Sulbar' => 'Sulbar_1' [79], 'NTT' => 'NTT_1' [80], 'Goron [... truncated] 
Warning messages:
1: Missing column names filled in: 'X1' [1], 'X36' [36], 'X45' [45] 
2: Duplicated column names deduplicated: 'Papua' => 'Papua_1' [38] 
Warning message:
In x[list] <- values :
  closing unused connection 4 (/tmp/RtmpniRumH/file6acb40d52ca7/movement-range-2020-07-12.txt)
Using an auto-discovered, cached token.
To suppress this message, modify your code or options to clearly consent to the use of a cached token.
See gargle's "Non-interactive auth" vignette for more details:
https://gargle.r-lib.org/articles/non-interactive-auth.html
The googlesheets4 package is using a cached token for athar.iswandi@gmail.com.
Writing to "Dashboard CSIS"
Writing to sheet "df_update_new"
Writing to "Dashboard CSIS"
Writing to sheet "last cov"
Writing to "Dashboard CSIS"
Writing to sheet "last mob"
Writing to "Dashboard CSIS"
Writing to sheet "Agregat Mobility"
Writing to "Dashboard CSIS"
Writing to sheet "Agregat COVID"

Attaching package: 'dplyr'

The following objects are masked from 'package:stats':

    filter, lag

The following objects are masked from 'package:base':

    intersect, setdiff, setequal, union

Warning message:
package 'dplyr' was built under R version 3.6.2 
Warning message:
package 'tidyr' was built under R version 3.6.2 
Warning message:
package 'gsheet' was built under R version 3.6.2 
Warning message:
package 'googlesheets4' was built under R version 3.6.2 
Warning message:
package 'naniar' was built under R version 3.6.2 
Loading required package: gsubfn
Loading required package: proto
xcrun: error: invalid active developer path (/Library/Developer/CommandLineTools), missing xcrun at: /Library/Developer/CommandLineTools/usr/bin/xcrun
Loading required package: RSQLite
Warning messages:
1: In system2("/usr/bin/otool", c("-L", shQuote(DSO)), stdout = TRUE) :
  running command ''/usr/bin/otool' -L '/Library/Frameworks/R.framework/Resources/library/tcltk/libs//tcltk.so'' had status 1
2: In fun(libname, pkgname) :
  no display name and no $DISPLAY environment variable
Loading required package: xml2
Warning message:
package 'xml2' was built under R version 3.6.2 
Warning message:
package 'tibble' was built under R version 3.6.2 
Warning message:
'html' is deprecated.
Use 'xml2::read_html' instead.
See help("Deprecated") 
trying URL 'https://data.humdata.org/dataset/c3429f0e-651b-4788-bb2f-4adbf222c90e/resource/31ca909c-10d9-458a-8720-88b54b3e3627/download/movement-range-data-2020-07-12.zip'
Content type 'application/zip' length 24893038 bytes (23.7 MB)
==================================================
downloaded 23.7 MB

Warning message:
In for (a in as.list(elist)) if (!missing(a) && mayCallBrowser(a,  :
  closing unused connection 3 (/tmp/RtmpbIbdMt/file78ef5112da5e/movement-range-2020-07-12.txt)
Warning message:
Duplicated column names deduplicated: '0.71' => '0.71_1' [11], '0.69' => '0.69_1' [15], '0.59' => '0.59_1' [20], '0.27' => '0.27_1' [26], '0.26' => '0.26_1' [27], '0.31' => '0.31_1' [28], '0.60' => '0.60_1' [32], '0.40' => '0.40_1' [35] 
Warning messages:
1: Missing column names filled in: 'X36' [36], 'X45' [45], 'X47' [47], 'X91' [91] 
2: Duplicated column names deduplicated: 'Papua' => 'Papua_1' [38], 'Aceh' => 'Aceh_1' [48], 'Bali' => 'Bali_1' [49], 'Banten' => 'Banten_1' [50], 'Babel' => 'Babel_1' [51], 'Bengkulu' => 'Bengkulu_1' [52], 'DIY' => 'DIY_1' [53], 'Jakarta' => 'Jakarta_1' [54], 'Jambi' => 'Jambi_1' [55], 'Jabar' => 'Jabar_1' [56], 'Jateng' => 'Jateng_1' [57], 'Jatim' => 'Jatim_1' [58], 'Kalbar' => 'Kalbar_1' [59], 'Kaltim' => 'Kaltim_1' [60], 'Kalteng' => 'Kalteng_1' [61], 'Kalsel' => 'Kalsel_1' [62], 'Kaltara' => 'Kaltara_1' [63], 'Kep Riau' => 'Kep Riau_1' [64], 'NTB' => 'NTB_1' [65], 'Sumsel' => 'Sumsel_1' [66], 'Sumbar' => 'Sumbar_1' [67], 'Sulut' => 'Sulut_1' [68], 'Sumut' => 'Sumut_1' [69], 'Sultra' => 'Sultra_1' [70], 'Sulsel' => 'Sulsel_1' [71], 'Sulteng' => 'Sulteng_1' [72], 'Lampung' => 'Lampung_1' [73], 'Riau' => 'Riau_1' [74], 'Malut' => 'Malut_1' [75], 'Maluku' => 'Maluku_1' [76], 'Papbar' => 'Papbar_1' [77], 'Papua' => 'Papua_2' [78], 'Sulbar' => 'Sulbar_1' [79], 'NTT' => 'NTT_1' [80], 'Goron [... truncated] 
Warning messages:
1: Missing column names filled in: 'X1' [1], 'X36' [36], 'X45' [45] 
2: Duplicated column names deduplicated: 'Papua' => 'Papua_1' [38] 
Warning message:
In x[list] <- values :
  closing unused connection 4 (/tmp/RtmpbIbdMt/file78ef5112da5e/movement-range-2020-07-12.txt)
Using an auto-discovered, cached token.
To suppress this message, modify your code or options to clearly consent to the use of a cached token.
See gargle's "Non-interactive auth" vignette for more details:
https://gargle.r-lib.org/articles/non-interactive-auth.html
The googlesheets4 package is using a cached token for athar.iswandi@gmail.com.
Auto-refreshing stale OAuth token.
Writing to "Dashboard CSIS"
Writing to sheet "df_update_new"
Writing to "Dashboard CSIS"
Writing to sheet "last cov"
Writing to "Dashboard CSIS"
Writing to sheet "last mob"
Writing to "Dashboard CSIS"
Writing to sheet "Agregat Mobility"
Writing to "Dashboard CSIS"
Writing to sheet "Agregat COVID"
Writing to "Dashboard CSIS"
Writing to sheet "raw cov"
Writing to "Dashboard CSIS"
Writing to sheet "raw mob"

Attaching package: 'dplyr'

The following objects are masked from 'package:stats':

    filter, lag

The following objects are masked from 'package:base':

    intersect, setdiff, setequal, union

Warning message:
package 'dplyr' was built under R version 3.6.2 
Warning message:
package 'tidyr' was built under R version 3.6.2 
Warning message:
package 'gsheet' was built under R version 3.6.2 
Warning message:
package 'googlesheets4' was built under R version 3.6.2 
Warning message:
package 'naniar' was built under R version 3.6.2 
Loading required package: gsubfn
Loading required package: proto
xcrun: error: invalid active developer path (/Library/Developer/CommandLineTools), missing xcrun at: /Library/Developer/CommandLineTools/usr/bin/xcrun
Loading required package: RSQLite
Warning messages:
1: In system2("/usr/bin/otool", c("-L", shQuote(DSO)), stdout = TRUE) :
  running command ''/usr/bin/otool' -L '/Library/Frameworks/R.framework/Resources/library/tcltk/libs//tcltk.so'' had status 1
2: In fun(libname, pkgname) :
  no display name and no $DISPLAY environment variable
Loading required package: xml2
Warning message:
package 'xml2' was built under R version 3.6.2 
Warning message:
package 'tibble' was built under R version 3.6.2 
Warning message:
'html' is deprecated.
Use 'xml2::read_html' instead.
See help("Deprecated") 
trying URL 'https://data.humdata.org/dataset/c3429f0e-651b-4788-bb2f-4adbf222c90e/resource/31ca909c-10d9-458a-8720-88b54b3e3627/download/movement-range-data-2020-07-12.zip'
Content type 'application/zip' length 24893038 bytes (23.7 MB)
==================================================
downloaded 23.7 MB

Warning message:
In for (a in as.list(elist)) if (!missing(a) && mayCallBrowser(a,  :
  closing unused connection 3 (/tmp/RtmpyyA33p/file17bfc7fa3648f/movement-range-2020-07-12.txt)
Warning message:
Duplicated column names deduplicated: '0.71' => '0.71_1' [11], '0.69' => '0.69_1' [15], '0.59' => '0.59_1' [20], '0.27' => '0.27_1' [26], '0.26' => '0.26_1' [27], '0.31' => '0.31_1' [28], '0.60' => '0.60_1' [32], '0.40' => '0.40_1' [35] 
Warning messages:
1: Missing column names filled in: 'X36' [36], 'X45' [45], 'X47' [47], 'X91' [91] 
2: Duplicated column names deduplicated: 'Papua' => 'Papua_1' [38], 'Aceh' => 'Aceh_1' [48], 'Bali' => 'Bali_1' [49], 'Banten' => 'Banten_1' [50], 'Babel' => 'Babel_1' [51], 'Bengkulu' => 'Bengkulu_1' [52], 'DIY' => 'DIY_1' [53], 'Jakarta' => 'Jakarta_1' [54], 'Jambi' => 'Jambi_1' [55], 'Jabar' => 'Jabar_1' [56], 'Jateng' => 'Jateng_1' [57], 'Jatim' => 'Jatim_1' [58], 'Kalbar' => 'Kalbar_1' [59], 'Kaltim' => 'Kaltim_1' [60], 'Kalteng' => 'Kalteng_1' [61], 'Kalsel' => 'Kalsel_1' [62], 'Kaltara' => 'Kaltara_1' [63], 'Kep Riau' => 'Kep Riau_1' [64], 'NTB' => 'NTB_1' [65], 'Sumsel' => 'Sumsel_1' [66], 'Sumbar' => 'Sumbar_1' [67], 'Sulut' => 'Sulut_1' [68], 'Sumut' => 'Sumut_1' [69], 'Sultra' => 'Sultra_1' [70], 'Sulsel' => 'Sulsel_1' [71], 'Sulteng' => 'Sulteng_1' [72], 'Lampung' => 'Lampung_1' [73], 'Riau' => 'Riau_1' [74], 'Malut' => 'Malut_1' [75], 'Maluku' => 'Maluku_1' [76], 'Papbar' => 'Papbar_1' [77], 'Papua' => 'Papua_2' [78], 'Sulbar' => 'Sulbar_1' [79], 'NTT' => 'NTT_1' [80], 'Goron [... truncated] 
Warning messages:
1: Missing column names filled in: 'X1' [1], 'X36' [36], 'X45' [45] 
2: Duplicated column names deduplicated: 'Papua' => 'Papua_1' [38] 
Warning message:
In for (j in seq_along(xs)) { :
  closing unused connection 4 (/tmp/RtmpyyA33p/file17bfc7fa3648f/movement-range-2020-07-12.txt)
Using an auto-discovered, cached token.
To suppress this message, modify your code or options to clearly consent to the use of a cached token.
See gargle's "Non-interactive auth" vignette for more details:
https://gargle.r-lib.org/articles/non-interactive-auth.html
The googlesheets4 package is using a cached token for athar.iswandi@gmail.com.
Auto-refreshing stale OAuth token.
Writing to "Dashboard CSIS"
Writing to sheet "df_update_new"
Writing to "Dashboard CSIS"
Writing to sheet "last cov"
Writing to "Dashboard CSIS"
Writing to sheet "last mob"
Writing to "Dashboard CSIS"
Writing to sheet "Agregat Mobility"
Writing to "Dashboard CSIS"
Writing to sheet "Agregat COVID"
Writing to "Dashboard CSIS"
Writing to sheet "raw cov"
Writing to "Dashboard CSIS"
Writing to sheet "raw mob"
